amap/foundation_fluttify/android/build/intermediates/manifest_merge_blame_file/debug/manifest-merger-blame-debug-report.txt
1<?xml version="1.0" encoding="utf-8"?>
2<manifest xmlns:android="http://schemas.android.com/apk/res/android"
3    package="me.yohom.foundation_fluttify" >
4
5    <uses-sdk
6        android:minSdkVersion="16"
6-->src/main/AndroidManifest.xml
7        android:targetSdkVersion="16" />
7-->src/main/AndroidManifest.xml
8
9    <application>
9-->src/main/AndroidManifest.xml:4:5-6:19
10        <receiver android:name="me.yohom.foundation_fluttify.FluttifyBroadcastReceiver" />
10-->src/main/AndroidManifest.xml:5:9-63
10-->src/main/AndroidManifest.xml:5:19-60
11    </application>
12
13</manifest>